This is pdfTeX, Version 3.1415926-2.5-1.40.14 (MiKTeX 2.9) (preloaded format=pdftex 2014.3.30)  30 MAR 2014 21:02
entering extended mode
**C:/Users/flo_000/Documents/GitHub/ZULA/lit.bib
(C:/Users/flo_000/Documents/GitHub/ZULA/lit.bib
! Missing $ inserted.
<inserted text> 
                $
<to be read again> 
                   _
l.15 ...g/datenbanksuche/kinderbuch-2/artikel-die_
                                                  wilden_piroggenpirate-3869...

? 
! Emergency stop.
<inserted text> 
                $
<to be read again> 
                   _
l.15 ...g/datenbanksuche/kinderbuch-2/artikel-die_
                                                  wilden_piroggenpirate-3869...
End of file on the terminal!

!  ==> Fatal error occurred, no output PDF file produced!
